<?xml version="1.0" encoding="UTF-8"?>
<!-- Generated by org.testng.reporters.JUnitXMLReporter -->
<testsuite hostname="DESKTOP-B0O3T20" ignored="0" name="Test" tests="2" failures="1" timestamp="01 Jul 2020 18:29:24 GMT" time="1.152" errors="0">
  <testcase name="AdditionTest" time="0.043" classname="TestAuto.TechAutoTest"/>
  <testcase name="SubractionTest" time="0.008" classname="TestAuto.TechAutoTest">
    <failure type="java.lang.AssertionError" message="expected [true] but found [false]">
      <![CDATA[java.lang.AssertionError: expected [true] but found [false]
	at TestAuto.TechAutoTest.SubractionTest(TechAutoTest.java:47)
... Removed 29 stack frames]]>
    </failure>
  </testcase> <!-- SubractionTest -->
</testsuite> <!-- Test -->
